<?xml version="1.0" encoding="UTF-8"?>
<!-- Generated by org.testng.reporters.JUnitReportReporter -->
<testsuite hostname="DESKTOP-LDBB7HE" failures="0" tests="3" name="TestPackage.LoginTestcases" time="10.755" errors="0" timestamp="2024-01-05T14:37:27 EET" skipped="0">
  <testcase classname="TestPackage.LoginTestcases" name="verifyErrorLoginMessage" time="4.054"/>
  <system-out/>
  <testcase classname="TestPackage.LoginTestcases" name="sucessfulLogin" time="4.931"/>
  <system-out/>
  <testcase classname="TestPackage.LoginTestcases" name="lockedLogin" time="1.770"/>
  <system-out/>
</testsuite> <!-- TestPackage.LoginTestcases -->
