<?xml version="1.0" encoding="UTF-8"?>
<!-- Generated by org.testng.reporters.JUnitReportReporter -->
<testsuite hostname="DESKTOP-LDBB7HE" failures="0" tests="3" name="TestPackage.LoginTestcases" time="26.447" errors="0" timestamp="2023-12-25T00:44:35 EET" skipped="0">
  <testcase classname="TestPackage.LoginTestcases" name="sucessfulLogin" time="2.037"/>
  <system-out/>
  <testcase classname="TestPackage.LoginTestcases" name="verifyErrorLoginMessage" time="2.351"/>
  <system-out/>
  <testcase classname="TestPackage.LoginTestcases" name="lockedLogin" time="22.059"/>
  <system-out/>
</testsuite> <!-- TestPackage.LoginTestcases -->
