<?xml version="1.0" encoding="UTF-8"?>
<!-- Generated by org.testng.reporters.JUnitReportReporter -->
<testsuite hostname="DESKTOP-LDBB7HE" failures="0" tests="3" name="regressionTest.cartTestcases" time="12.207" errors="0" timestamp="2023-12-22T12:57:30 EET" skipped="0">
  <testcase classname="regressionTest.cartTestcases" name="removeIteamFromcart" time="7.570"/>
  <system-out/>
  <testcase classname="regressionTest.cartTestcases" name="verifyCartPageOpened" time="2.415"/>
  <system-out/>
  <testcase classname="regressionTest.cartTestcases" name="verifyContinueShoppingButton" time="2.222"/>
  <system-out/>
</testsuite> <!-- regressionTest.cartTestcases -->
