<?xml version="1.0" encoding="UTF-8"?>
<!-- Generated by org.testng.reporters.JUnitReportReporter -->
<testsuite hostname="DESKTOP-LDBB7HE" failures="0" tests="3" name="regressionTest.LoginTestcases" time="11.105" errors="0" timestamp="2023-12-22T12:57:30 EET" skipped="0">
  <testcase classname="regressionTest.LoginTestcases" name="sucessfulLogin" time="5.837"/>
  <system-out/>
  <testcase classname="regressionTest.LoginTestcases" name="lockedLogin" time="2.204"/>
  <system-out/>
  <testcase classname="regressionTest.LoginTestcases" name="verifyErrorLoginMessage" time="3.064"/>
  <system-out/>
</testsuite> <!-- regressionTest.LoginTestcases -->
