<?xml version="1.0" encoding="UTF-8"?>
<!-- Generated by org.testng.reporters.JUnitReportReporter -->
<testsuite hostname="DESKTOP-LDBB7HE" failures="0" tests="3" name="regressionTest.LoginTestcases" time="28.227" errors="0" timestamp="2023-12-20T19:30:00 EET" skipped="0">
  <testcase classname="regressionTest.LoginTestcases" name="verifyErrorLoginMessage" time="2.261"/>
  <system-out/>
  <testcase classname="regressionTest.LoginTestcases" name="lockedLogin" time="23.504"/>
  <system-out/>
  <testcase classname="regressionTest.LoginTestcases" name="sucessfulLogin" time="2.462"/>
  <system-out/>
</testsuite> <!-- regressionTest.LoginTestcases -->
