<?xml version="1.0" encoding="UTF-8"?>
<!-- Generated by org.testng.reporters.JUnitReportReporter -->
<testsuite hostname="DESKTOP-LDBB7HE" failures="0" tests="3" name="regressionTest.LoginTestcases" time="88.610" errors="0" timestamp="2023-12-15T17:31:13 EET" skipped="0">
  <testcase classname="regressionTest.LoginTestcases" name="lockedLogin" time="2.395"/>
  <system-out/>
  <testcase classname="regressionTest.LoginTestcases" name="verifyErrorLoginMessage" time="2.443"/>
  <system-out/>
  <testcase classname="regressionTest.LoginTestcases" name="sucessfulLogin" time="83.772"/>
  <system-out/>
</testsuite> <!-- regressionTest.LoginTestcases -->
