<?xml version="1.0" encoding="UTF-8"?>
<!-- Generated by org.testng.reporters.JUnitReportReporter -->
<testsuite hostname="DESKTOP-LDBB7HE" failures="0" tests="3" name="TestPackage.LoginTestcases" time="21.729" errors="0" timestamp="2023-12-26T21:42:35 EET" skipped="0">
  <testcase classname="TestPackage.LoginTestcases" name="lockedLogin" time="5.578"/>
  <system-out/>
  <testcase classname="TestPackage.LoginTestcases" name="sucessfulLogin" time="12.386"/>
  <system-out/>
  <testcase classname="TestPackage.LoginTestcases" name="verifyErrorLoginMessage" time="3.765"/>
  <system-out/>
</testsuite> <!-- TestPackage.LoginTestcases -->
