<?xml version="1.0" encoding="UTF-8"?>
<!-- Generated by org.testng.reporters.JUnitReportReporter -->
<testsuite hostname="DESKTOP-LDBB7HE" failures="0" tests="1" name="regressionTest.ProductsTestcases" time="4.791" errors="0" timestamp="2023-12-20T20:22:25 EET" skipped="0">
  <testcase classname="regressionTest.ProductsTestcases" name="verifyProductRemovalFromCart" time="4.791"/>
  <system-out/>
</testsuite> <!-- regressionTest.ProductsTestcases -->
