<?xml version="1.0" encoding="UTF-8"?>
<!-- Generated by org.testng.reporters.JUnitReportReporter -->
<testsuite hostname="DESKTOP-LDBB7HE" failures="0" tests="6" name="TestPackage.ProductsTestcases" time="15.169" errors="0" timestamp="2024-01-05T14:37:27 EET" skipped="0">
  <testcase classname="TestPackage.ProductsTestcases" name="verifySortFromZtoA" time="1.484"/>
  <system-out/>
  <testcase classname="TestPackage.ProductsTestcases" name="verifyTheCartCount" time="1.280"/>
  <system-out/>
  <testcase classname="TestPackage.ProductsTestcases" name="verifyProductRemovalFromCart" time="1.905"/>
  <system-out/>
  <testcase classname="TestPackage.ProductsTestcases" name="verifySortOfProducts" time="1.043"/>
  <system-out/>
  <testcase classname="TestPackage.ProductsTestcases" name="verifyMenuContents" time="1.591"/>
  <system-out/>
  <testcase classname="TestPackage.ProductsTestcases" name="addProductTocart" time="7.866"/>
  <system-out/>
</testsuite> <!-- TestPackage.ProductsTestcases -->
