<?xml version="1.0" encoding="UTF-8"?>
<!-- Generated by org.testng.reporters.JUnitReportReporter -->
<testsuite hostname="DESKTOP-LDBB7HE" failures="0" tests="7" name="TestPackage.ProductsTestcases" time="13.208" errors="0" timestamp="2024-01-09T19:31:30 EET" skipped="0">
  <testcase classname="TestPackage.ProductsTestcases" name="verifySortFromZtoA" time="1.315"/>
  <system-out/>
  <testcase classname="TestPackage.ProductsTestcases" name="verifyProductRemovalFromCart" time="1.466"/>
  <system-out/>
  <testcase classname="TestPackage.ProductsTestcases" name="verifyTheCartCount" time="0.979"/>
  <system-out/>
  <testcase classname="TestPackage.ProductsTestcases" name="addProductTocart" time="1.325"/>
  <system-out/>
  <testcase classname="TestPackage.ProductsTestcases" name="verifySortOfProducts" time="1.187"/>
  <system-out/>
  <testcase classname="TestPackage.ProductsTestcases" name="VerifyRestAppFunctionility" time="5.634"/>
  <system-out/>
  <testcase classname="TestPackage.ProductsTestcases" name="verifyMenuContents" time="1.302"/>
  <system-out/>
</testsuite> <!-- TestPackage.ProductsTestcases -->
