<?xml version="1.0" encoding="UTF-8"?>
<!-- Generated by org.testng.reporters.JUnitReportReporter -->
<testsuite hostname="DESKTOP-LDBB7HE" failures="0" tests="6" name="regressionTest.ProductsTestcases" time="14.709" errors="0" timestamp="2023-12-22T12:57:30 EET" skipped="0">
  <testcase classname="regressionTest.ProductsTestcases" name="verifySortOfProducts" time="1.234"/>
  <system-out/>
  <testcase classname="regressionTest.ProductsTestcases" name="verifyTheCartCount" time="1.175"/>
  <system-out/>
  <testcase classname="regressionTest.ProductsTestcases" name="verifyProductRemovalFromCart" time="2.216"/>
  <system-out/>
  <testcase classname="regressionTest.ProductsTestcases" name="verifySortFromZtoA" time="1.997"/>
  <system-out/>
  <testcase classname="regressionTest.ProductsTestcases" name="addProductTocart" time="6.650"/>
  <system-out/>
  <testcase classname="regressionTest.ProductsTestcases" name="verifyMenuContents" time="1.437"/>
  <system-out/>
</testsuite> <!-- regressionTest.ProductsTestcases -->
