<?xml version="1.0" encoding="UTF-8"?>
<!-- Generated by org.testng.reporters.JUnitReportReporter -->
<testsuite hostname="DESKTOP-LDBB7HE" failures="0" tests="3" name="TestPackage.LoginTestcases" time="8.145" errors="0" timestamp="2024-01-09T19:31:30 EET" skipped="0">
  <testcase classname="TestPackage.LoginTestcases" name="lockedLogin" time="1.385"/>
  <system-out/>
  <testcase classname="TestPackage.LoginTestcases" name="sucessfulLogin" time="3.860"/>
  <system-out/>
  <testcase classname="TestPackage.LoginTestcases" name="verifyErrorLoginMessage" time="2.900"/>
  <system-out/>
</testsuite> <!-- TestPackage.LoginTestcases -->
