<?xml version="1.0" encoding="UTF-8"?>
<!-- Generated by org.testng.reporters.JUnitReportReporter -->
<testsuite hostname="DESKTOP-LDBB7HE" failures="0" tests="6" name="TestPackage.ProductsTestcases" time="31.449" errors="0" timestamp="2023-12-25T00:44:35 EET" skipped="0">
  <testcase classname="TestPackage.ProductsTestcases" name="addProductTocart" time="25.132"/>
  <system-out/>
  <testcase classname="TestPackage.ProductsTestcases" name="verifySortOfProducts" time="1.136"/>
  <system-out/>
  <testcase classname="TestPackage.ProductsTestcases" name="verifyMenuContents" time="1.398"/>
  <system-out/>
  <testcase classname="TestPackage.ProductsTestcases" name="verifySortFromZtoA" time="1.245"/>
  <system-out/>
  <testcase classname="TestPackage.ProductsTestcases" name="verifyProductRemovalFromCart" time="1.584"/>
  <system-out/>
  <testcase classname="TestPackage.ProductsTestcases" name="verifyTheCartCount" time="0.954"/>
  <system-out/>
</testsuite> <!-- TestPackage.ProductsTestcases -->
