<?xml version="1.0" encoding="UTF-8"?>
<!-- Generated by org.testng.reporters.JUnitReportReporter -->
<testsuite hostname="DESKTOP-LDBB7HE" failures="0" tests="1" name="regressionTest.cartTestcases" time="23.914" errors="0" timestamp="2023-12-20T20:45:34 EET" skipped="0">
  <testcase classname="regressionTest.cartTestcases" name="removeIteamFromcart" time="23.914"/>
  <system-out/>
</testsuite> <!-- regressionTest.cartTestcases -->
