<?xml version="1.0" encoding="UTF-8"?>
<!-- Generated by org.testng.reporters.JUnitReportReporter -->
<testsuite hostname="DESKTOP-LDBB7HE" failures="0" tests="6" name="TestPackage.ProductsTestcases" time="29.893" errors="0" timestamp="2023-12-26T21:42:35 EET" skipped="0">
  <testcase classname="TestPackage.ProductsTestcases" name="verifyProductRemovalFromCart" time="1.515"/>
  <system-out/>
  <testcase classname="TestPackage.ProductsTestcases" name="verifyTheCartCount" time="0.902"/>
  <system-out/>
  <testcase classname="TestPackage.ProductsTestcases" name="addProductTocart" time="24.391"/>
  <system-out/>
  <testcase classname="TestPackage.ProductsTestcases" name="verifyMenuContents" time="0.985"/>
  <system-out/>
  <testcase classname="TestPackage.ProductsTestcases" name="verifySortFromZtoA" time="1.093"/>
  <system-out/>
  <testcase classname="TestPackage.ProductsTestcases" name="verifySortOfProducts" time="1.007"/>
  <system-out/>
</testsuite> <!-- TestPackage.ProductsTestcases -->
