<?xml version="1.0" encoding="UTF-8"?>
<!-- Generated by org.testng.reporters.JUnitReportReporter -->
<testsuite hostname="DESKTOP-LDBB7HE" failures="0" tests="3" name="TestPackage.LoginTestcases" time="21.140" errors="0" timestamp="2024-01-01T19:31:30 EET" skipped="0">
  <testcase classname="TestPackage.LoginTestcases" name="sucessfulLogin" time="16.139"/>
  <system-out/>
  <testcase classname="TestPackage.LoginTestcases" name="lockedLogin" time="1.909"/>
  <system-out/>
  <testcase classname="TestPackage.LoginTestcases" name="verifyErrorLoginMessage" time="3.092"/>
  <system-out/>
</testsuite> <!-- TestPackage.LoginTestcases -->
