<?xml version="1.0" encoding="UTF-8"?>
<!-- Generated by org.testng.reporters.JUnitReportReporter -->
<testsuite hostname="DESKTOP-LDBB7HE" failures="0" tests="1" name="regressionTest.delete" time="1.150" errors="0" timestamp="2023-12-13T15:04:57 EET" skipped="0">
  <testcase classname="regressionTest.delete" name="test" time="1.150"/>
  <system-out/>
</testsuite> <!-- regressionTest.delete -->
