<?xml version="1.0" encoding="UTF-8"?>
<!-- Generated by org.testng.reporters.JUnitReportReporter -->
<testsuite hostname="DESKTOP-LDBB7HE" failures="0" tests="6" name="regressionTest.ProductsTestcases" time="11.652" errors="0" timestamp="2023-12-23T14:52:23 EET" skipped="0">
  <testcase classname="regressionTest.ProductsTestcases" name="addProductTocart" time="3.706"/>
  <system-out/>
  <testcase classname="regressionTest.ProductsTestcases" name="verifyMenuContents" time="1.428"/>
  <system-out/>
  <testcase classname="regressionTest.ProductsTestcases" name="verifyTheCartCount" time="1.237"/>
  <system-out/>
  <testcase classname="regressionTest.ProductsTestcases" name="verifySortFromZtoA" time="1.622"/>
  <system-out/>
  <testcase classname="regressionTest.ProductsTestcases" name="verifySortOfProducts" time="1.691"/>
  <system-out/>
  <testcase classname="regressionTest.ProductsTestcases" name="verifyProductRemovalFromCart" time="1.968"/>
  <system-out/>
</testsuite> <!-- regressionTest.ProductsTestcases -->
