<?xml version="1.0" encoding="UTF-8"?>
<!-- Generated by org.testng.reporters.JUnitReportReporter -->
<testsuite hostname="DESKTOP-LDBB7HE" failures="0" tests="1" name="TestPackage.cartTestcases" time="27.619" errors="0" timestamp="2024-01-07T18:08:25 EET" skipped="0">
  <testcase classname="TestPackage.cartTestcases" name="verifyTotalPrice" time="27.619"/>
  <system-out/>
</testsuite> <!-- TestPackage.cartTestcases -->
