<?xml version="1.0" encoding="UTF-8"?>
<!-- Generated by org.testng.reporters.JUnitReportReporter -->
<testsuite hostname="DESKTOP-LDBB7HE" failures="0" tests="6" name="TestPackage.ProductsTestcases" time="24.302" errors="0" timestamp="2024-01-01T19:31:30 EET" skipped="0">
  <testcase classname="TestPackage.ProductsTestcases" name="verifyMenuContents" time="0.898"/>
  <system-out/>
  <testcase classname="TestPackage.ProductsTestcases" name="verifySortOfProducts" time="0.908"/>
  <system-out/>
  <testcase classname="TestPackage.ProductsTestcases" name="verifyTheCartCount" time="0.789"/>
  <system-out/>
  <testcase classname="TestPackage.ProductsTestcases" name="addProductTocart" time="19.095"/>
  <system-out/>
  <testcase classname="TestPackage.ProductsTestcases" name="verifySortFromZtoA" time="1.214"/>
  <system-out/>
  <testcase classname="TestPackage.ProductsTestcases" name="verifyProductRemovalFromCart" time="1.398"/>
  <system-out/>
</testsuite> <!-- TestPackage.ProductsTestcases -->
