<?xml version="1.0" encoding="UTF-8"?>
<!-- Generated by org.testng.reporters.JUnitReportReporter -->
<testsuite hostname="DESKTOP-LDBB7HE" failures="0" tests="3" name="TestPackage.LoginTestcases" time="7.202" errors="0" timestamp="2023-12-23T15:00:00 EET" skipped="0">
  <testcase classname="TestPackage.LoginTestcases" name="lockedLogin" time="1.803"/>
  <system-out/>
  <testcase classname="TestPackage.LoginTestcases" name="verifyErrorLoginMessage" time="2.156"/>
  <system-out/>
  <testcase classname="TestPackage.LoginTestcases" name="sucessfulLogin" time="3.243"/>
  <system-out/>
</testsuite> <!-- TestPackage.LoginTestcases -->
