<?xml version="1.0" encoding="UTF-8"?>
<!-- Generated by org.testng.reporters.JUnitReportReporter -->
<testsuite hostname="DESKTOP-LDBB7HE" failures="0" tests="3" name="regressionTest.LoginTestcases" time="10.588" errors="0" timestamp="2023-12-23T14:52:23 EET" skipped="0">
  <testcase classname="regressionTest.LoginTestcases" name="verifyErrorLoginMessage" time="2.512"/>
  <system-out/>
  <testcase classname="regressionTest.LoginTestcases" name="lockedLogin" time="2.056"/>
  <system-out/>
  <testcase classname="regressionTest.LoginTestcases" name="sucessfulLogin" time="6.020"/>
  <system-out/>
</testsuite> <!-- regressionTest.LoginTestcases -->
