<?xml version="1.0" encoding="UTF-8"?>
<!-- Generated by org.testng.reporters.JUnitReportReporter -->
<testsuite hostname="DESKTOP-LDBB7HE" failures="0" tests="6" name="TestPackage.ProductsTestcases" time="10.336" errors="0" timestamp="2023-12-23T15:00:00 EET" skipped="0">
  <testcase classname="TestPackage.ProductsTestcases" name="verifySortOfProducts" time="1.207"/>
  <system-out/>
  <testcase classname="TestPackage.ProductsTestcases" name="verifyMenuContents" time="0.980"/>
  <system-out/>
  <testcase classname="TestPackage.ProductsTestcases" name="verifySortFromZtoA" time="1.190"/>
  <system-out/>
  <testcase classname="TestPackage.ProductsTestcases" name="addProductTocart" time="4.194"/>
  <system-out/>
  <testcase classname="TestPackage.ProductsTestcases" name="verifyProductRemovalFromCart" time="1.707"/>
  <system-out/>
  <testcase classname="TestPackage.ProductsTestcases" name="verifyTheCartCount" time="1.058"/>
  <system-out/>
</testsuite> <!-- TestPackage.ProductsTestcases -->
